[
    "set high-availability vrrp group service_nw01 interface 'eth1'",
    "set high-availability vrrp group service_nw01 priority '150'",
    "set high-availability vrrp group service_nw01 virtual-address '192.168.1.254/24'",
    "set high-availability vrrp group service_nw01 vrid '10'",
    "set high-availability vrrp group service_nw02 interface 'eth2'",
    "set high-availability vrrp group service_nw02 priority '150'",
    "set high-availability vrrp group service_nw02 virtual-address '192.168.2.254/24'",
    "set high-availability vrrp group service_nw02 vrid '20'",
    "set high-availability vrrp sync-group MAIN member 'service_nw01'",
    "set high-availability vrrp sync-group MAIN member 'service_nw02'",
    "set interfaces ethernet eth1 address '192.168.1.252/24'",
    "set interfaces ethernet eth1 ipv6 address no-default-link-local",
    "set interfaces ethernet eth2 address '192.168.2.252/24'",
    "set interfaces ethernet eth2 ipv6 address no-default-link-local",
    "set service ssh",
    "set system config-management commit-revisions '100'",
    "set system console device ttyS0 speed '115200'",
    "set system host-name 'vyos01'",
    "set system login user vyos authentication encrypted-password '$6$QxPS.uk6mfo$9QBSo8u1FkH16gMyAVhus6fU3LOzvLR9Z9.82m3tiHFAxTtIkhaZSWssSgzt4v4dGAL8rhVQxTg0oAG9/q11h/'",
    "set system login user vyos authentication plaintext-password ''",
    "set system ntp server time1.vyos.net",
    "set system ntp server time2.vyos.net",
    "set system ntp server time3.vyos.net",
    "set system syslog global facility all level 'info'",
    "set system syslog global facility protocols level 'debug'"
]